<?xml version="1.0" encoding="UTF-8"?>
<!-- Generated by org.testng.reporters.JUnitXMLReporter -->
<testsuite hostname="395-CNU40791QP" name="Default test" tests="1" failures="1" timestamp="2 Jun 2015 14:22:58 GMT" time="283.958" errors="0">
  <testcase name="VerifyDisplayCardiologyVideotitle" time="279.073" classname="med.jasper.regression.DisplayVideotitle">
    <failure type="junit.framework.ComparisonFailure" message="expected:&amp;lt;...s - Class I antiarrh[y]thmics&amp;gt; but was:&amp;lt;...s - Class I antiarrh[i]thmics&amp;gt;">
      <![CDATA[junit.framework.ComparisonFailure: expected:<...s - Class I antiarrh[y]thmics> but was:<...s - Class I antiarrh[i]thmics>
	at junit.framework.Assert.assertEquals(Assert.java:85)
	at junit.framework.Assert.assertEquals(Assert.java:91)
	at med.jasper.model.JasperHomePageModel.clickOnVideoTitle(JasperHomePageModel.java:317)
	at med.jasper.model.JasperHomePageModel.clickOnMol(JasperHomePageModel.java:158)
	at med.jasper.controller.JasperHomePageController.verifyDisplayCardiologyVideotitle(JasperHomePageController.java:264)
	at med.jasper.regression.DisplayVideotitle.VerifyDisplayCardiologyVideotitle(DisplayVideotitle.java:65)
	at sun.reflect.NativeMethodAccessorImpl.invoke0(Native Method)
	at sun.reflect.NativeMethodAccessorImpl.invoke(Unknown Source)
	at sun.reflect.DelegatingMethodAccessorImpl.invoke(Unknown Source)
	at java.lang.reflect.Method.invoke(Unknown Source)
	at org.testng.internal.MethodInvocationHelper.invokeMethod(MethodInvocationHelper.java:84)
	at org.testng.internal.Invoker.invokeMethod(Invoker.java:714)
	at org.testng.internal.Invoker.invokeTestMethod(Invoker.java:901)
	at org.testng.internal.Invoker.invokeTestMethods(Invoker.java:1231)
	at org.testng.internal.TestMethodWorker.invokeTestMethods(TestMethodWorker.java:127)
	at org.testng.internal.TestMethodWorker.run(TestMethodWorker.java:111)
	at org.testng.TestRunner.privateRun(TestRunner.java:767)
	at org.testng.TestRunner.run(TestRunner.java:617)
	at org.testng.SuiteRunner.runTest(SuiteRunner.java:334)
	at org.testng.SuiteRunner.runSequentially(SuiteRunner.java:329)
	at org.testng.SuiteRunner.privateRun(SuiteRunner.java:291)
	at org.testng.SuiteRunner.run(SuiteRunner.java:240)
	at org.testng.SuiteRunnerWorker.runSuite(SuiteRunnerWorker.java:52)
	at org.testng.SuiteRunnerWorker.run(SuiteRunnerWorker.java:86)
	at org.testng.TestNG.runSuitesSequentially(TestNG.java:1224)
	at org.testng.TestNG.runSuitesLocally(TestNG.java:1149)
	at org.testng.TestNG.run(TestNG.java:1057)
	at org.testng.remote.RemoteTestNG.run(RemoteTestNG.java:111)
	at org.testng.remote.RemoteTestNG.initAndRun(RemoteTestNG.java:204)
	at org.testng.remote.RemoteTestNG.main(RemoteTestNG.java:175)
]]>
    </failure>
  </testcase> <!-- VerifyDisplayCardiologyVideotitle -->
</testsuite> <!-- Default test -->
