<?xml version="1.0" encoding="UTF-8"?>
<testng-results skipped="0" failed="0" total="1" passed="1">
  <reporter-output>
  </reporter-output>
  <suite name="Default suite" duration-ms="59880" started-at="2015-06-16T21:04:01Z" finished-at="2015-06-16T21:05:01Z">
    <groups>
    </groups>
    <test name="Default test" duration-ms="59880" started-at="2015-06-16T21:04:01Z" finished-at="2015-06-16T21:05:01Z">
      <class name="health.med.testclass">
        <test-method status="PASS" signature="beforeMethod()[pri:0, instance:health.med.testclass@34ce8af7]" name="beforeMethod" is-config="true" duration-ms="59848" started-at="2015-06-16T17:04:01Z" finished-at="2015-06-16T17:05:01Z">
          <reporter-output>
          </reporter-output>
        </test-method> <!-- beforeMethod -->
        <test-method status="PASS" signature="testLogin()[pri:0, instance:health.med.testclass@34ce8af7]" name="testLogin" duration-ms="16" started-at="2015-06-16T17:05:01Z" finished-at="2015-06-16T17:05:01Z">
          <reporter-output>
          </reporter-output>
        </test-method> <!-- testLogin -->
      </class> <!-- health.med.testclass -->
    </test> <!-- Default test -->
  </suite> <!-- Default suite -->
</testng-results>
