<?xml version="1.0" encoding="UTF-8"?>
<!-- Generated by org.testng.reporters.JUnitXMLReporter -->
<testsuite hostname="395-CNU40791QP" name="Default test" tests="5" failures="0" timestamp="28 Jan 2015 18:05:02 GMT" time="101.41" errors="0">
  <testcase name="VerifyDisplayedLoginpage" time="10.963" classname="admin.reports.test.AdminLogInPage"/>
  <testcase name="VerifyErrorLogInMessages" time="8.843" classname="admin.reports.test.AdminLogInPage"/>
  <testcase name="VerifyErrorMessages" time="40.102" classname="admin.reports.test.AdminLogInPage"/>
  <testcase name="VerifyLoginAdminReport" time="11.007" classname="admin.reports.test.AdminLogInPage"/>
  <testcase name="VerifySignOutFunctionality" time="16.599" classname="admin.reports.test.AdminLogInPage"/>
</testsuite> <!-- Default test -->
