<?xml version="1.0" encoding="UTF-8"?>
<testng-results skipped="0" failed="0" total="1" passed="1">
  <reporter-output>
  </reporter-output>
  <suite name="Default suite" duration-ms="149487" started-at="2015-09-10T20:47:43Z" finished-at="2015-09-10T20:50:12Z">
    <groups>
    </groups>
    <test name="Default test" duration-ms="149487" started-at="2015-09-10T20:47:43Z" finished-at="2015-09-10T20:50:12Z">
      <class name="med.OLP.regression.RegressionForOLPProducts">
        <test-method status="PASS" signature="beforeMethod()[pri:0, instance:med.OLP.regression.RegressionForOLPProducts@35fb3008]" name="beforeMethod" is-config="true" duration-ms="6892" started-at="2015-09-10T16:47:43Z" finished-at="2015-09-10T16:47:50Z">
          <reporter-output>
          </reporter-output>
        </test-method> <!-- beforeMethod -->
        <test-method status="PASS" signature="VerifyTestAnalysisReviewpageforQbankOLP()[pri:0, instance:med.OLP.regression.RegressionForOLPProducts@35fb3008]" name="VerifyTestAnalysisReviewpageforQbankOLP" duration-ms="140942" started-at="2015-09-10T16:47:50Z" finished-at="2015-09-10T16:50:11Z">
          <reporter-output>
          </reporter-output>
        </test-method> <!-- VerifyTestAnalysisReviewpageforQbankOLP -->
        <test-method status="PASS" signature="afterMethod()[pri:0, instance:med.OLP.regression.RegressionForOLPProducts@35fb3008]" name="afterMethod" is-config="true" duration-ms="1295" started-at="2015-09-10T16:50:11Z" finished-at="2015-09-10T16:50:12Z">
          <reporter-output>
          </reporter-output>
        </test-method> <!-- afterMethod -->
      </class> <!-- med.OLP.regression.RegressionForOLPProducts -->
    </test> <!-- Default test -->
  </suite> <!-- Default suite -->
</testng-results>
