<?xml version="1.0" encoding="UTF-8"?>
<testng-results skipped="0" failed="0" total="5" passed="5">
  <reporter-output>
  </reporter-output>
  <suite name="Default suite" duration-ms="101410" started-at="2015-01-28T18:03:21Z" finished-at="2015-01-28T18:05:02Z">
    <groups>
    </groups>
    <test name="Default test" duration-ms="101410" started-at="2015-01-28T18:03:21Z" finished-at="2015-01-28T18:05:02Z">
      <class name="admin.reports.test.AdminLogInPage">
        <test-method status="PASS" signature="beforeMethod()[pri:0, instance:admin.reports.test.AdminLogInPage@23223dd8]" name="beforeMethod" is-config="true" duration-ms="3170" started-at="2015-01-28T13:03:21Z" finished-at="2015-01-28T13:03:24Z">
          <reporter-output>
          </reporter-output>
        </test-method> <!-- beforeMethod -->
        <test-method status="PASS" signature="VerifyDisplayedLoginpage()[pri:0, instance:admin.reports.test.AdminLogInPage@23223dd8]" name="VerifyDisplayedLoginpage" duration-ms="10963" started-at="2015-01-28T13:03:24Z" finished-at="2015-01-28T13:03:35Z">
          <reporter-output>
          </reporter-output>
        </test-method> <!-- VerifyDisplayedLoginpage -->
        <test-method status="PASS" signature="afterMethod()[pri:0, instance:admin.reports.test.AdminLogInPage@23223dd8]" name="afterMethod" is-config="true" duration-ms="140" started-at="2015-01-28T13:03:35Z" finished-at="2015-01-28T13:03:35Z">
          <reporter-output>
          </reporter-output>
        </test-method> <!-- afterMethod -->
        <test-method status="PASS" signature="beforeMethod()[pri:0, instance:admin.reports.test.AdminLogInPage@23223dd8]" name="beforeMethod" is-config="true" duration-ms="2327" started-at="2015-01-28T13:03:35Z" finished-at="2015-01-28T13:03:37Z">
          <reporter-output>
          </reporter-output>
        </test-method> <!-- beforeMethod -->
        <test-method status="PASS" signature="VerifyErrorLogInMessages()[pri:0, instance:admin.reports.test.AdminLogInPage@23223dd8]" name="VerifyErrorLogInMessages" duration-ms="8843" started-at="2015-01-28T13:03:37Z" finished-at="2015-01-28T13:03:46Z">
          <reporter-output>
          </reporter-output>
        </test-method> <!-- VerifyErrorLogInMessages -->
        <test-method status="PASS" signature="afterMethod()[pri:0, instance:admin.reports.test.AdminLogInPage@23223dd8]" name="afterMethod" is-config="true" duration-ms="156" started-at="2015-01-28T13:03:46Z" finished-at="2015-01-28T13:03:46Z">
          <reporter-output>
          </reporter-output>
        </test-method> <!-- afterMethod -->
        <test-method status="PASS" signature="beforeMethod()[pri:0, instance:admin.reports.test.AdminLogInPage@23223dd8]" name="beforeMethod" is-config="true" duration-ms="2296" started-at="2015-01-28T13:03:46Z" finished-at="2015-01-28T13:03:48Z">
          <reporter-output>
          </reporter-output>
        </test-method> <!-- beforeMethod -->
        <test-method status="PASS" signature="VerifyErrorMessages()[pri:0, instance:admin.reports.test.AdminLogInPage@23223dd8]" name="VerifyErrorMessages" duration-ms="40102" started-at="2015-01-28T13:03:48Z" finished-at="2015-01-28T13:04:29Z">
          <reporter-output>
          </reporter-output>
        </test-method> <!-- VerifyErrorMessages -->
        <test-method status="PASS" signature="afterMethod()[pri:0, instance:admin.reports.test.AdminLogInPage@23223dd8]" name="afterMethod" is-config="true" duration-ms="141" started-at="2015-01-28T13:04:29Z" finished-at="2015-01-28T13:04:29Z">
          <reporter-output>
          </reporter-output>
        </test-method> <!-- afterMethod -->
        <test-method status="PASS" signature="beforeMethod()[pri:0, instance:admin.reports.test.AdminLogInPage@23223dd8]" name="beforeMethod" is-config="true" duration-ms="3402" started-at="2015-01-28T13:04:29Z" finished-at="2015-01-28T13:04:32Z">
          <reporter-output>
          </reporter-output>
        </test-method> <!-- beforeMethod -->
        <test-method status="PASS" signature="VerifyLoginAdminReport()[pri:0, instance:admin.reports.test.AdminLogInPage@23223dd8]" name="VerifyLoginAdminReport" duration-ms="11007" started-at="2015-01-28T13:04:32Z" finished-at="2015-01-28T13:04:43Z">
          <reporter-output>
          </reporter-output>
        </test-method> <!-- VerifyLoginAdminReport -->
        <test-method status="PASS" signature="afterMethod()[pri:0, instance:admin.reports.test.AdminLogInPage@23223dd8]" name="afterMethod" is-config="true" duration-ms="156" started-at="2015-01-28T13:04:43Z" finished-at="2015-01-28T13:04:43Z">
          <reporter-output>
          </reporter-output>
        </test-method> <!-- afterMethod -->
        <test-method status="PASS" signature="beforeMethod()[pri:0, instance:admin.reports.test.AdminLogInPage@23223dd8]" name="beforeMethod" is-config="true" duration-ms="1937" started-at="2015-01-28T13:04:43Z" finished-at="2015-01-28T13:04:45Z">
          <reporter-output>
          </reporter-output>
        </test-method> <!-- beforeMethod -->
        <test-method status="PASS" signature="VerifySignOutFunctionality()[pri:0, instance:admin.reports.test.AdminLogInPage@23223dd8]" name="VerifySignOutFunctionality" duration-ms="16599" started-at="2015-01-28T13:04:45Z" finished-at="2015-01-28T13:05:02Z">
          <reporter-output>
          </reporter-output>
        </test-method> <!-- VerifySignOutFunctionality -->
        <test-method status="PASS" signature="afterMethod()[pri:0, instance:admin.reports.test.AdminLogInPage@23223dd8]" name="afterMethod" is-config="true" duration-ms="156" started-at="2015-01-28T13:05:02Z" finished-at="2015-01-28T13:05:02Z">
          <reporter-output>
          </reporter-output>
        </test-method> <!-- afterMethod -->
      </class> <!-- admin.reports.test.AdminLogInPage -->
    </test> <!-- Default test -->
  </suite> <!-- Default suite -->
</testng-results>
